<?xml version="1.0" encoding="UTF-8"?>
<!-- Generated by org.testng.reporters.JUnitReportReporter -->
<testsuite hostname="RRT-DellG3-2K24" failures="0" tests="2" name="tests.Test2" time="0.369" errors="0" timestamp="2025-03-25T12:15:57 IST" skipped="0">
  <testcase classname="tests.Test2" name="validateSortOptions" time="0.102"/>
  <testcase classname="tests.Test2" name="sortProducts" time="0.267"/>
</testsuite> <!-- tests.Test2 -->
