<?xml version="1.0" encoding="UTF-8"?>
<!-- Generated by org.testng.reporters.JUnitReportReporter -->
<testsuite hostname="RRT-DellG3-2K24" failures="0" tests="4" name="tests.Test1" time="7.248" errors="0" timestamp="2025-03-25T12:51:37 IST" skipped="0">
  <testcase classname="tests.Test1" name="testPageLoad" time="0.046"/>
  <testcase classname="tests.Test1" name="loginSwagLabs" time="5.448"/>
  <testcase classname="tests.Test1" name="loginSwagLabs" time="0.484"/>
  <testcase classname="tests.Test1" name="loginSwagLabs" time="1.270"/>
</testsuite> <!-- tests.Test1 -->
