<?xml version="1.0" encoding="UTF-8"?>
<!-- Generated by org.testng.reporters.JUnitReportReporter -->
<testsuite hostname="RRT-DellG3-2K24" failures="0" tests="4" name="tests.Test1" time="7.623" errors="0" timestamp="2025-03-25T13:01:37 IST" skipped="0">
  <testcase classname="tests.Test1" name="testPageLoad" time="0.083"/>
  <testcase classname="tests.Test1" name="loginSwagLabs" time="1.578"/>
  <testcase classname="tests.Test1" name="loginSwagLabs" time="0.511"/>
  <testcase classname="tests.Test1" name="loginSwagLabs" time="5.451"/>
</testsuite> <!-- tests.Test1 -->
